2019-07-22T21:37:45+00:00 CRITICAL Uncaught RuntimeException: Error saving action: Unable to save action. in /home/megladon/shop.megladonmfg.com/demo/wp-content/plugins/woocommerce/includes/libraries/action-scheduler/classes/ActionScheduler_wpPostStore.php:33
Stack trace:
#0 /home/megladon/shop.megladonmfg.com/demo/wp-content/plugins/woocommerce/includes/libraries/action-scheduler/classes/ActionScheduler_ActionFactory.php(109): ActionScheduler_wpPostStore->save_action(Object(ActionScheduler_Action))
#1 /home/megladon/shop.megladonmfg.com/demo/wp-content/plugins/woocommerce/includes/libraries/action-scheduler/classes/ActionScheduler_ActionFactory.php(59): ActionScheduler_ActionFactory->store(Object(ActionScheduler_Action))
#2 /home/megladon/shop.megladonmfg.com/demo/wp-content/plugins/woocommerce/includes/libraries/action-scheduler/functions.php(18): ActionScheduler_ActionFactory->single('woocommerce_run...', Array, 1563831465, 'woocommerce-db-...')
#3 /home/megladon/shop.megladonmfg.com/demo/wp-content/plugins/woocommerce/includes/queue/class- in /home/megladon/shop.megladonmfg.com/demo/wp-content/plugins/woocommerce/includes/libraries/action-scheduler/classes/ActionScheduler_wpPostStore.php on line 33

2019-07-22T21:37:55+00:00 CRITICAL Uncaught RuntimeException: Error saving action: Unable to save action. in /home/megladon/shop.megladonmfg.com/demo/wp-content/plugins/woocommerce/includes/libraries/action-scheduler/classes/ActionScheduler_wpPostStore.php:33
Stack trace:
#0 /home/megladon/shop.megladonmfg.com/demo/wp-content/plugins/woocommerce/includes/libraries/action-scheduler/classes/ActionScheduler_ActionFactory.php(109): ActionScheduler_wpPostStore->save_action(Object(ActionScheduler_Action))
#1 /home/megladon/shop.megladonmfg.com/demo/wp-content/plugins/woocommerce/includes/libraries/action-scheduler/classes/ActionScheduler_ActionFactory.php(59): ActionScheduler_ActionFactory->store(Object(ActionScheduler_Action))
#2 /home/megladon/shop.megladonmfg.com/demo/wp-content/plugins/woocommerce/includes/libraries/action-scheduler/functions.php(18): ActionScheduler_ActionFactory->single('woocommerce_run...', Array, 1563831475, 'woocommerce-db-...')
#3 /home/megladon/shop.megladonmfg.com/demo/wp-content/plugins/woocommerce/includes/queue/class- in /home/megladon/shop.megladonmfg.com/demo/wp-content/plugins/woocommerce/includes/libraries/action-scheduler/classes/ActionScheduler_wpPostStore.php on line 33

2019-07-22T21:37:59+00:00 CRITICAL Uncaught RuntimeException: Error saving action: Unable to save action. in /home/megladon/shop.megladonmfg.com/demo/wp-content/plugins/woocommerce/includes/libraries/action-scheduler/classes/ActionScheduler_wpPostStore.php:33
Stack trace:
#0 /home/megladon/shop.megladonmfg.com/demo/wp-content/plugins/woocommerce/includes/libraries/action-scheduler/classes/ActionScheduler_ActionFactory.php(109): ActionScheduler_wpPostStore->save_action(Object(ActionScheduler_Action))
#1 /home/megladon/shop.megladonmfg.com/demo/wp-content/plugins/woocommerce/includes/libraries/action-scheduler/classes/ActionScheduler_ActionFactory.php(59): ActionScheduler_ActionFactory->store(Object(ActionScheduler_Action))
#2 /home/megladon/shop.megladonmfg.com/demo/wp-content/plugins/woocommerce/includes/libraries/action-scheduler/functions.php(18): ActionScheduler_ActionFactory->single('woocommerce_run...', Array, 1563831479, 'woocommerce-db-...')
#3 /home/megladon/shop.megladonmfg.com/demo/wp-content/plugins/woocommerce/includes/queue/class- in /home/megladon/shop.megladonmfg.com/demo/wp-content/plugins/woocommerce/includes/libraries/action-scheduler/classes/ActionScheduler_wpPostStore.php on line 33

2019-07-22T21:59:40+00:00 CRITICAL Uncaught RuntimeException: Error saving action: Unable to save action. in /home/megladon/shop.megladonmfg.com/demo/wp-content/plugins/woocommerce/includes/libraries/action-scheduler/classes/ActionScheduler_wpPostStore.php:33
Stack trace:
#0 /home/megladon/shop.megladonmfg.com/demo/wp-content/plugins/woocommerce/includes/libraries/action-scheduler/classes/ActionScheduler_ActionFactory.php(109): ActionScheduler_wpPostStore->save_action(Object(ActionScheduler_Action))
#1 /home/megladon/shop.megladonmfg.com/demo/wp-content/plugins/woocommerce/includes/libraries/action-scheduler/classes/ActionScheduler_ActionFactory.php(59): ActionScheduler_ActionFactory->store(Object(ActionScheduler_Action))
#2 /home/megladon/shop.megladonmfg.com/demo/wp-content/plugins/woocommerce/includes/libraries/action-scheduler/functions.php(18): ActionScheduler_ActionFactory->single('woocommerce_upd...', Array, 1563832780, '')
#3 /home/megladon/shop.megladonmfg.com/demo/wp-content/plugins/woocommerce/includes/queue/class-wc-action-queue.ph in /home/megladon/shop.megladonmfg.com/demo/wp-content/plugins/woocommerce/includes/libraries/action-scheduler/classes/ActionScheduler_wpPostStore.php on line 33

2019-07-22T21:59:45+00:00 CRITICAL Uncaught RuntimeException: Error saving action: Unable to save action. in /home/megladon/shop.megladonmfg.com/demo/wp-content/plugins/woocommerce/includes/libraries/action-scheduler/classes/ActionScheduler_wpPostStore.php:33
Stack trace:
#0 /home/megladon/shop.megladonmfg.com/demo/wp-content/plugins/woocommerce/includes/libraries/action-scheduler/classes/ActionScheduler_ActionFactory.php(109): ActionScheduler_wpPostStore->save_action(Object(ActionScheduler_Action))
#1 /home/megladon/shop.megladonmfg.com/demo/wp-content/plugins/woocommerce/includes/libraries/action-scheduler/classes/ActionScheduler_ActionFactory.php(59): ActionScheduler_ActionFactory->store(Object(ActionScheduler_Action))
#2 /home/megladon/shop.megladonmfg.com/demo/wp-content/plugins/woocommerce/includes/libraries/action-scheduler/functions.php(18): ActionScheduler_ActionFactory->single('woocommerce_upd...', Array, 1563832785, '')
#3 /home/megladon/shop.megladonmfg.com/demo/wp-content/plugins/woocommerce/includes/queue/class-wc-action-queue.ph in /home/megladon/shop.megladonmfg.com/demo/wp-content/plugins/woocommerce/includes/libraries/action-scheduler/classes/ActionScheduler_wpPostStore.php on line 33

2019-07-22T22:04:26+00:00 CRITICAL Uncaught RuntimeException: Error saving action: Unable to save action. in /home/megladon/shop.megladonmfg.com/demo/wp-content/plugins/woocommerce/includes/libraries/action-scheduler/classes/ActionScheduler_wpPostStore.php:33
Stack trace:
#0 /home/megladon/shop.megladonmfg.com/demo/wp-content/plugins/woocommerce/includes/libraries/action-scheduler/classes/ActionScheduler_ActionFactory.php(109): ActionScheduler_wpPostStore->save_action(Object(ActionScheduler_Action))
#1 /home/megladon/shop.megladonmfg.com/demo/wp-content/plugins/woocommerce/includes/libraries/action-scheduler/classes/ActionScheduler_ActionFactory.php(59): ActionScheduler_ActionFactory->store(Object(ActionScheduler_Action))
#2 /home/megladon/shop.megladonmfg.com/demo/wp-content/plugins/woocommerce/includes/libraries/action-scheduler/functions.php(18): ActionScheduler_ActionFactory->single('woocommerce_upd...', Array, 1563833066, '')
#3 /home/megladon/shop.megladonmfg.com/demo/wp-content/plugins/woocommerce/includes/queue/class-wc-action-queue.ph in /home/megladon/shop.megladonmfg.com/demo/wp-content/plugins/woocommerce/includes/libraries/action-scheduler/classes/ActionScheduler_wpPostStore.php on line 33

2019-07-22T22:11:48+00:00 CRITICAL Uncaught RuntimeException: Error saving action: Unable to save action. in /home/megladon/shop.megladonmfg.com/demo/wp-content/plugins/woocommerce/includes/libraries/action-scheduler/classes/ActionScheduler_wpPostStore.php:33
Stack trace:
#0 /home/megladon/shop.megladonmfg.com/demo/wp-content/plugins/woocommerce/includes/libraries/action-scheduler/classes/ActionScheduler_ActionFactory.php(109): ActionScheduler_wpPostStore->save_action(Object(ActionScheduler_Action))
#1 /home/megladon/shop.megladonmfg.com/demo/wp-content/plugins/woocommerce/includes/libraries/action-scheduler/classes/ActionScheduler_ActionFactory.php(59): ActionScheduler_ActionFactory->store(Object(ActionScheduler_Action))
#2 /home/megladon/shop.megladonmfg.com/demo/wp-content/plugins/woocommerce/includes/libraries/action-scheduler/functions.php(18): ActionScheduler_ActionFactory->single('woocommerce_upd...', Array, 1563833508, '')
#3 /home/megladon/shop.megladonmfg.com/demo/wp-content/plugins/woocommerce/includes/queue/class-wc-action-queue.ph in /home/megladon/shop.megladonmfg.com/demo/wp-content/plugins/woocommerce/includes/libraries/action-scheduler/classes/ActionScheduler_wpPostStore.php on line 33

