2019-07-08T06:31:11+00:00 CRITICAL Uncaught RuntimeException: Unable to claim actions. Database error. in /home/megladon/shop.megladonmfg.com/demo/wp-content/plugins/woocommerce/includes/libraries/action-scheduler/classes/ActionScheduler_wpPostStore.php:551
Stack trace:
#0 /home/megladon/shop.megladonmfg.com/demo/wp-content/plugins/woocommerce/includes/libraries/action-scheduler/classes/ActionScheduler_wpPostStore.php(460): ActionScheduler_wpPostStore->claim_actions('3c3bfdeebd6e1a0...', 25, NULL, Array, '')
#1 /home/megladon/shop.megladonmfg.com/demo/wp-content/plugins/woocommerce/includes/libraries/action-scheduler/classes/ActionScheduler_QueueRunner.php(71): ActionScheduler_wpPostStore->stake_claim(25)
#2 /home/megladon/shop.megladonmfg.com/demo/wp-content/plugins/woocommerce/includes/libraries/action-scheduler/classes/ActionScheduler_QueueRunner.php(61): ActionScheduler_QueueRunner->do_batch(25)
#3 /home/megladon/shop.megladonmfg.com/demo/wp-includes/class-wp-hook.php(286): ActionScheduler_QueueRunner->run()
#4 /home/megladon/shop.megladon in /home/megladon/shop.megladonmfg.com/demo/wp-content/plugins/woocommerce/includes/libraries/action-scheduler/classes/ActionScheduler_wpPostStore.php on line 551

2019-07-08T09:36:23+00:00 CRITICAL Uncaught Error: Call to undefined function get_field() in /home/megladon/shop.megladonmfg.com/demo/wp-content/plugins/sea-spider-tyrex/templates/header.php:20
Stack trace:
#0 /home/megladon/shop.megladonmfg.com/demo/wp-content/themes/customcable/header.php(1): include()
#1 /home/megladon/shop.megladonmfg.com/demo/wp-includes/template.php(704): require_once('/home/megladon/...')
#2 /home/megladon/shop.megladonmfg.com/demo/wp-includes/template.php(653): load_template('/home/megladon/...', true)
#3 /home/megladon/shop.megladonmfg.com/demo/wp-includes/general-template.php(41): locate_template(Array, true)
#4 /home/megladon/shop.megladonmfg.com/demo/wp-content/themes/customcable/page.php(1): get_header()
#5 /home/megladon/shop.megladonmfg.com/demo/wp-includes/template-loader.php(77): include('/home/megladon/...')
#6 /home/megladon/shop.megladonmfg.com/demo/wp-blog-header.php(19): require_once('/home/megladon/...')
#7 /home/megladon/shop.megladonmfg.com/demo/index.php(17): require('/home/megladon/...')
#8 {main}
   in /home/megladon/shop.megladonmfg.com/demo/wp-content/plugins/sea-spider-tyrex/templates/header.php on line 20

2019-07-08T09:38:38+00:00 CRITICAL Uncaught Error: Call to undefined function get_field() in /home/megladon/shop.megladonmfg.com/demo/wp-content/plugins/sea-spider-tyrex/templates/header.php:20
Stack trace:
#0 /home/megladon/shop.megladonmfg.com/demo/wp-content/themes/customcable/header.php(1): include()
#1 /home/megladon/shop.megladonmfg.com/demo/wp-includes/template.php(704): require_once('/home/megladon/...')
#2 /home/megladon/shop.megladonmfg.com/demo/wp-includes/template.php(653): load_template('/home/megladon/...', true)
#3 /home/megladon/shop.megladonmfg.com/demo/wp-includes/general-template.php(41): locate_template(Array, true)
#4 /home/megladon/shop.megladonmfg.com/demo/wp-content/themes/customcable/page.php(1): get_header()
#5 /home/megladon/shop.megladonmfg.com/demo/wp-includes/template-loader.php(77): include('/home/megladon/...')
#6 /home/megladon/shop.megladonmfg.com/demo/wp-blog-header.php(19): require_once('/home/megladon/...')
#7 /home/megladon/shop.megladonmfg.com/demo/index.php(17): require('/home/megladon/...')
#8 {main}
   in /home/megladon/shop.megladonmfg.com/demo/wp-content/plugins/sea-spider-tyrex/templates/header.php on line 20

2019-07-08T09:40:11+00:00 CRITICAL Uncaught Error: Call to undefined function get_field() in /home/megladon/shop.megladonmfg.com/demo/wp-content/plugins/sea-spider-tyrex/templates/header.php:20
Stack trace:
#0 /home/megladon/shop.megladonmfg.com/demo/wp-content/themes/customcable/header.php(1): include()
#1 /home/megladon/shop.megladonmfg.com/demo/wp-includes/template.php(704): require_once('/home/megladon/...')
#2 /home/megladon/shop.megladonmfg.com/demo/wp-includes/template.php(653): load_template('/home/megladon/...', true)
#3 /home/megladon/shop.megladonmfg.com/demo/wp-includes/general-template.php(41): locate_template(Array, true)
#4 /home/megladon/shop.megladonmfg.com/demo/wp-content/themes/customcable/page.php(1): get_header()
#5 /home/megladon/shop.megladonmfg.com/demo/wp-includes/template-loader.php(77): include('/home/megladon/...')
#6 /home/megladon/shop.megladonmfg.com/demo/wp-blog-header.php(19): require_once('/home/megladon/...')
#7 /home/megladon/shop.megladonmfg.com/demo/index.php(17): require('/home/megladon/...')
#8 {main}
   in /home/megladon/shop.megladonmfg.com/demo/wp-content/plugins/sea-spider-tyrex/templates/header.php on line 20

2019-07-08T09:41:01+00:00 CRITICAL Uncaught Error: Call to undefined function get_field() in /home/megladon/shop.megladonmfg.com/demo/wp-content/plugins/sea-spider-tyrex/templates/header.php:20
Stack trace:
#0 /home/megladon/shop.megladonmfg.com/demo/wp-content/themes/customcable/header.php(1): include()
#1 /home/megladon/shop.megladonmfg.com/demo/wp-includes/template.php(704): require_once('/home/megladon/...')
#2 /home/megladon/shop.megladonmfg.com/demo/wp-includes/template.php(653): load_template('/home/megladon/...', true)
#3 /home/megladon/shop.megladonmfg.com/demo/wp-includes/general-template.php(41): locate_template(Array, true)
#4 /home/megladon/shop.megladonmfg.com/demo/wp-content/themes/customcable/page.php(1): get_header()
#5 /home/megladon/shop.megladonmfg.com/demo/wp-includes/template-loader.php(77): include('/home/megladon/...')
#6 /home/megladon/shop.megladonmfg.com/demo/wp-blog-header.php(19): require_once('/home/megladon/...')
#7 /home/megladon/shop.megladonmfg.com/demo/index.php(17): require('/home/megladon/...')
#8 {main}
   in /home/megladon/shop.megladonmfg.com/demo/wp-content/plugins/sea-spider-tyrex/templates/header.php on line 20

2019-07-08T09:41:33+00:00 CRITICAL Uncaught Error: Call to undefined function get_field() in /home/megladon/shop.megladonmfg.com/demo/wp-content/plugins/sea-spider-tyrex/templates/header.php:20
Stack trace:
#0 /home/megladon/shop.megladonmfg.com/demo/wp-content/themes/customcable/header.php(1): include()
#1 /home/megladon/shop.megladonmfg.com/demo/wp-includes/template.php(704): require_once('/home/megladon/...')
#2 /home/megladon/shop.megladonmfg.com/demo/wp-includes/template.php(653): load_template('/home/megladon/...', true)
#3 /home/megladon/shop.megladonmfg.com/demo/wp-includes/general-template.php(41): locate_template(Array, true)
#4 /home/megladon/shop.megladonmfg.com/demo/wp-content/themes/customcable/page.php(1): get_header()
#5 /home/megladon/shop.megladonmfg.com/demo/wp-includes/template-loader.php(77): include('/home/megladon/...')
#6 /home/megladon/shop.megladonmfg.com/demo/wp-blog-header.php(19): require_once('/home/megladon/...')
#7 /home/megladon/shop.megladonmfg.com/demo/index.php(17): require('/home/megladon/...')
#8 {main}
   in /home/megladon/shop.megladonmfg.com/demo/wp-content/plugins/sea-spider-tyrex/templates/header.php on line 20

2019-07-08T09:42:05+00:00 CRITICAL Uncaught Error: Call to undefined function get_field() in /home/megladon/shop.megladonmfg.com/demo/wp-content/plugins/sea-spider-tyrex/templates/header.php:20
Stack trace:
#0 /home/megladon/shop.megladonmfg.com/demo/wp-content/themes/customcable/header.php(1): include()
#1 /home/megladon/shop.megladonmfg.com/demo/wp-includes/template.php(704): require_once('/home/megladon/...')
#2 /home/megladon/shop.megladonmfg.com/demo/wp-includes/template.php(653): load_template('/home/megladon/...', true)
#3 /home/megladon/shop.megladonmfg.com/demo/wp-includes/general-template.php(41): locate_template(Array, true)
#4 /home/megladon/shop.megladonmfg.com/demo/wp-content/themes/customcable/page.php(1): get_header()
#5 /home/megladon/shop.megladonmfg.com/demo/wp-includes/template-loader.php(77): include('/home/megladon/...')
#6 /home/megladon/shop.megladonmfg.com/demo/wp-blog-header.php(19): require_once('/home/megladon/...')
#7 /home/megladon/shop.megladonmfg.com/demo/index.php(17): require('/home/megladon/...')
#8 {main}
   in /home/megladon/shop.megladonmfg.com/demo/wp-content/plugins/sea-spider-tyrex/templates/header.php on line 20

2019-07-08T09:42:35+00:00 CRITICAL Uncaught Error: Call to undefined function get_field() in /home/megladon/shop.megladonmfg.com/demo/wp-content/plugins/sea-spider-tyrex/templates/header.php:20
Stack trace:
#0 /home/megladon/shop.megladonmfg.com/demo/wp-content/themes/customcable/header.php(1): include()
#1 /home/megladon/shop.megladonmfg.com/demo/wp-includes/template.php(704): require_once('/home/megladon/...')
#2 /home/megladon/shop.megladonmfg.com/demo/wp-includes/template.php(653): load_template('/home/megladon/...', true)
#3 /home/megladon/shop.megladonmfg.com/demo/wp-includes/general-template.php(41): locate_template(Array, true)
#4 /home/megladon/shop.megladonmfg.com/demo/wp-content/themes/customcable/page.php(1): get_header()
#5 /home/megladon/shop.megladonmfg.com/demo/wp-includes/template-loader.php(77): include('/home/megladon/...')
#6 /home/megladon/shop.megladonmfg.com/demo/wp-blog-header.php(19): require_once('/home/megladon/...')
#7 /home/megladon/shop.megladonmfg.com/demo/index.php(17): require('/home/megladon/...')
#8 {main}
   in /home/megladon/shop.megladonmfg.com/demo/wp-content/plugins/sea-spider-tyrex/templates/header.php on line 20

2019-07-08T09:43:24+00:00 CRITICAL Uncaught Error: Call to undefined function get_field() in /home/megladon/shop.megladonmfg.com/demo/wp-content/plugins/sea-spider-tyrex/templates/header.php:20
Stack trace:
#0 /home/megladon/shop.megladonmfg.com/demo/wp-content/themes/customcable/header.php(1): include()
#1 /home/megladon/shop.megladonmfg.com/demo/wp-includes/template.php(704): require_once('/home/megladon/...')
#2 /home/megladon/shop.megladonmfg.com/demo/wp-includes/template.php(653): load_template('/home/megladon/...', true)
#3 /home/megladon/shop.megladonmfg.com/demo/wp-includes/general-template.php(41): locate_template(Array, true)
#4 /home/megladon/shop.megladonmfg.com/demo/wp-content/themes/customcable/page.php(1): get_header()
#5 /home/megladon/shop.megladonmfg.com/demo/wp-includes/template-loader.php(77): include('/home/megladon/...')
#6 /home/megladon/shop.megladonmfg.com/demo/wp-blog-header.php(19): require_once('/home/megladon/...')
#7 /home/megladon/shop.megladonmfg.com/demo/index.php(17): require('/home/megladon/...')
#8 {main}
   in /home/megladon/shop.megladonmfg.com/demo/wp-content/plugins/sea-spider-tyrex/templates/header.php on line 20

2019-07-08T09:43:56+00:00 CRITICAL Uncaught Error: Call to undefined function get_field() in /home/megladon/shop.megladonmfg.com/demo/wp-content/plugins/sea-spider-tyrex/templates/header.php:20
Stack trace:
#0 /home/megladon/shop.megladonmfg.com/demo/wp-content/themes/customcable/header.php(1): include()
#1 /home/megladon/shop.megladonmfg.com/demo/wp-includes/template.php(704): require_once('/home/megladon/...')
#2 /home/megladon/shop.megladonmfg.com/demo/wp-includes/template.php(653): load_template('/home/megladon/...', true)
#3 /home/megladon/shop.megladonmfg.com/demo/wp-includes/general-template.php(41): locate_template(Array, true)
#4 /home/megladon/shop.megladonmfg.com/demo/wp-content/themes/customcable/page.php(1): get_header()
#5 /home/megladon/shop.megladonmfg.com/demo/wp-includes/template-loader.php(77): include('/home/megladon/...')
#6 /home/megladon/shop.megladonmfg.com/demo/wp-blog-header.php(19): require_once('/home/megladon/...')
#7 /home/megladon/shop.megladonmfg.com/demo/index.php(17): require('/home/megladon/...')
#8 {main}
   in /home/megladon/shop.megladonmfg.com/demo/wp-content/plugins/sea-spider-tyrex/templates/header.php on line 20

2019-07-08T09:44:29+00:00 CRITICAL Uncaught Error: Call to undefined function get_field() in /home/megladon/shop.megladonmfg.com/demo/wp-content/plugins/sea-spider-tyrex/templates/header.php:20
Stack trace:
#0 /home/megladon/shop.megladonmfg.com/demo/wp-content/themes/customcable/header.php(1): include()
#1 /home/megladon/shop.megladonmfg.com/demo/wp-includes/template.php(704): require_once('/home/megladon/...')
#2 /home/megladon/shop.megladonmfg.com/demo/wp-includes/template.php(653): load_template('/home/megladon/...', true)
#3 /home/megladon/shop.megladonmfg.com/demo/wp-includes/general-template.php(41): locate_template(Array, true)
#4 /home/megladon/shop.megladonmfg.com/demo/wp-content/themes/customcable/page.php(1): get_header()
#5 /home/megladon/shop.megladonmfg.com/demo/wp-includes/template-loader.php(77): include('/home/megladon/...')
#6 /home/megladon/shop.megladonmfg.com/demo/wp-blog-header.php(19): require_once('/home/megladon/...')
#7 /home/megladon/shop.megladonmfg.com/demo/index.php(17): require('/home/megladon/...')
#8 {main}
   in /home/megladon/shop.megladonmfg.com/demo/wp-content/plugins/sea-spider-tyrex/templates/header.php on line 20

2019-07-08T09:45:12+00:00 CRITICAL Uncaught Error: Call to undefined function get_field() in /home/megladon/shop.megladonmfg.com/demo/wp-content/plugins/sea-spider-tyrex/templates/header.php:20
Stack trace:
#0 /home/megladon/shop.megladonmfg.com/demo/wp-content/themes/customcable/header.php(1): include()
#1 /home/megladon/shop.megladonmfg.com/demo/wp-includes/template.php(704): require_once('/home/megladon/...')
#2 /home/megladon/shop.megladonmfg.com/demo/wp-includes/template.php(653): load_template('/home/megladon/...', true)
#3 /home/megladon/shop.megladonmfg.com/demo/wp-includes/general-template.php(41): locate_template(Array, true)
#4 /home/megladon/shop.megladonmfg.com/demo/wp-content/themes/customcable/page.php(1): get_header()
#5 /home/megladon/shop.megladonmfg.com/demo/wp-includes/template-loader.php(77): include('/home/megladon/...')
#6 /home/megladon/shop.megladonmfg.com/demo/wp-blog-header.php(19): require_once('/home/megladon/...')
#7 /home/megladon/shop.megladonmfg.com/demo/index.php(17): require('/home/megladon/...')
#8 {main}
   in /home/megladon/shop.megladonmfg.com/demo/wp-content/plugins/sea-spider-tyrex/templates/header.php on line 20

2019-07-08T09:45:49+00:00 CRITICAL Uncaught Error: Call to undefined function get_field() in /home/megladon/shop.megladonmfg.com/demo/wp-content/plugins/sea-spider-tyrex/templates/header.php:20
Stack trace:
#0 /home/megladon/shop.megladonmfg.com/demo/wp-content/themes/customcable/header.php(1): include()
#1 /home/megladon/shop.megladonmfg.com/demo/wp-includes/template.php(704): require_once('/home/megladon/...')
#2 /home/megladon/shop.megladonmfg.com/demo/wp-includes/template.php(653): load_template('/home/megladon/...', true)
#3 /home/megladon/shop.megladonmfg.com/demo/wp-includes/general-template.php(41): locate_template(Array, true)
#4 /home/megladon/shop.megladonmfg.com/demo/wp-content/themes/customcable/page.php(1): get_header()
#5 /home/megladon/shop.megladonmfg.com/demo/wp-includes/template-loader.php(77): include('/home/megladon/...')
#6 /home/megladon/shop.megladonmfg.com/demo/wp-blog-header.php(19): require_once('/home/megladon/...')
#7 /home/megladon/shop.megladonmfg.com/demo/index.php(17): require('/home/megladon/...')
#8 {main}
   in /home/megladon/shop.megladonmfg.com/demo/wp-content/plugins/sea-spider-tyrex/templates/header.php on line 20

2019-07-08T09:46:30+00:00 CRITICAL Uncaught Error: Call to undefined function get_field() in /home/megladon/shop.megladonmfg.com/demo/wp-content/plugins/sea-spider-tyrex/templates/header.php:20
Stack trace:
#0 /home/megladon/shop.megladonmfg.com/demo/wp-content/themes/customcable/header.php(1): include()
#1 /home/megladon/shop.megladonmfg.com/demo/wp-includes/template.php(704): require_once('/home/megladon/...')
#2 /home/megladon/shop.megladonmfg.com/demo/wp-includes/template.php(653): load_template('/home/megladon/...', true)
#3 /home/megladon/shop.megladonmfg.com/demo/wp-includes/general-template.php(41): locate_template(Array, true)
#4 /home/megladon/shop.megladonmfg.com/demo/wp-content/themes/customcable/page.php(1): get_header()
#5 /home/megladon/shop.megladonmfg.com/demo/wp-includes/template-loader.php(77): include('/home/megladon/...')
#6 /home/megladon/shop.megladonmfg.com/demo/wp-blog-header.php(19): require_once('/home/megladon/...')
#7 /home/megladon/shop.megladonmfg.com/demo/index.php(17): require('/home/megladon/...')
#8 {main}
   in /home/megladon/shop.megladonmfg.com/demo/wp-content/plugins/sea-spider-tyrex/templates/header.php on line 20

2019-07-08T09:46:47+00:00 CRITICAL Uncaught Error: Call to undefined function get_field() in /home/megladon/shop.megladonmfg.com/demo/wp-content/plugins/sea-spider-tyrex/templates/header.php:20
Stack trace:
#0 /home/megladon/shop.megladonmfg.com/demo/wp-content/themes/customcable/header.php(1): include()
#1 /home/megladon/shop.megladonmfg.com/demo/wp-includes/template.php(704): require_once('/home/megladon/...')
#2 /home/megladon/shop.megladonmfg.com/demo/wp-includes/template.php(653): load_template('/home/megladon/...', true)
#3 /home/megladon/shop.megladonmfg.com/demo/wp-includes/general-template.php(41): locate_template(Array, true)
#4 /home/megladon/shop.megladonmfg.com/demo/wp-content/themes/customcable/page.php(1): get_header()
#5 /home/megladon/shop.megladonmfg.com/demo/wp-includes/template-loader.php(77): include('/home/megladon/...')
#6 /home/megladon/shop.megladonmfg.com/demo/wp-blog-header.php(19): require_once('/home/megladon/...')
#7 /home/megladon/shop.megladonmfg.com/demo/index.php(17): require('/home/megladon/...')
#8 {main}
   in /home/megladon/shop.megladonmfg.com/demo/wp-content/plugins/sea-spider-tyrex/templates/header.php on line 20

2019-07-08T09:47:43+00:00 CRITICAL Uncaught Error: Call to undefined function get_field() in /home/megladon/shop.megladonmfg.com/demo/wp-content/plugins/sea-spider-tyrex/templates/header.php:20
Stack trace:
#0 /home/megladon/shop.megladonmfg.com/demo/wp-content/themes/customcable/header.php(1): include()
#1 /home/megladon/shop.megladonmfg.com/demo/wp-includes/template.php(704): require_once('/home/megladon/...')
#2 /home/megladon/shop.megladonmfg.com/demo/wp-includes/template.php(653): load_template('/home/megladon/...', true)
#3 /home/megladon/shop.megladonmfg.com/demo/wp-includes/general-template.php(41): locate_template(Array, true)
#4 /home/megladon/shop.megladonmfg.com/demo/wp-content/themes/customcable/page.php(1): get_header()
#5 /home/megladon/shop.megladonmfg.com/demo/wp-includes/template-loader.php(77): include('/home/megladon/...')
#6 /home/megladon/shop.megladonmfg.com/demo/wp-blog-header.php(19): require_once('/home/megladon/...')
#7 /home/megladon/shop.megladonmfg.com/demo/index.php(17): require('/home/megladon/...')
#8 {main}
   in /home/megladon/shop.megladonmfg.com/demo/wp-content/plugins/sea-spider-tyrex/templates/header.php on line 20

2019-07-08T09:48:21+00:00 CRITICAL Uncaught Error: Call to undefined function get_field() in /home/megladon/shop.megladonmfg.com/demo/wp-content/plugins/sea-spider-tyrex/templates/header.php:20
Stack trace:
#0 /home/megladon/shop.megladonmfg.com/demo/wp-content/themes/customcable/header.php(1): include()
#1 /home/megladon/shop.megladonmfg.com/demo/wp-includes/template.php(704): require_once('/home/megladon/...')
#2 /home/megladon/shop.megladonmfg.com/demo/wp-includes/template.php(653): load_template('/home/megladon/...', true)
#3 /home/megladon/shop.megladonmfg.com/demo/wp-includes/general-template.php(41): locate_template(Array, true)
#4 /home/megladon/shop.megladonmfg.com/demo/wp-content/themes/customcable/page.php(1): get_header()
#5 /home/megladon/shop.megladonmfg.com/demo/wp-includes/template-loader.php(77): include('/home/megladon/...')
#6 /home/megladon/shop.megladonmfg.com/demo/wp-blog-header.php(19): require_once('/home/megladon/...')
#7 /home/megladon/shop.megladonmfg.com/demo/index.php(17): require('/home/megladon/...')
#8 {main}
   in /home/megladon/shop.megladonmfg.com/demo/wp-content/plugins/sea-spider-tyrex/templates/header.php on line 20

2019-07-08T09:48:50+00:00 CRITICAL Uncaught Error: Call to undefined function get_field() in /home/megladon/shop.megladonmfg.com/demo/wp-content/plugins/sea-spider-tyrex/templates/header.php:20
Stack trace:
#0 /home/megladon/shop.megladonmfg.com/demo/wp-content/themes/customcable/header.php(1): include()
#1 /home/megladon/shop.megladonmfg.com/demo/wp-includes/template.php(704): require_once('/home/megladon/...')
#2 /home/megladon/shop.megladonmfg.com/demo/wp-includes/template.php(653): load_template('/home/megladon/...', true)
#3 /home/megladon/shop.megladonmfg.com/demo/wp-includes/general-template.php(41): locate_template(Array, true)
#4 /home/megladon/shop.megladonmfg.com/demo/wp-content/themes/customcable/page.php(1): get_header()
#5 /home/megladon/shop.megladonmfg.com/demo/wp-includes/template-loader.php(77): include('/home/megladon/...')
#6 /home/megladon/shop.megladonmfg.com/demo/wp-blog-header.php(19): require_once('/home/megladon/...')
#7 /home/megladon/shop.megladonmfg.com/demo/index.php(17): require('/home/megladon/...')
#8 {main}
   in /home/megladon/shop.megladonmfg.com/demo/wp-content/plugins/sea-spider-tyrex/templates/header.php on line 20

2019-07-08T09:49:20+00:00 CRITICAL Uncaught Error: Call to undefined function get_field() in /home/megladon/shop.megladonmfg.com/demo/wp-content/plugins/sea-spider-tyrex/templates/header.php:20
Stack trace:
#0 /home/megladon/shop.megladonmfg.com/demo/wp-content/themes/customcable/header.php(1): include()
#1 /home/megladon/shop.megladonmfg.com/demo/wp-includes/template.php(704): require_once('/home/megladon/...')
#2 /home/megladon/shop.megladonmfg.com/demo/wp-includes/template.php(653): load_template('/home/megladon/...', true)
#3 /home/megladon/shop.megladonmfg.com/demo/wp-includes/general-template.php(41): locate_template(Array, true)
#4 /home/megladon/shop.megladonmfg.com/demo/wp-content/themes/customcable/page.php(1): get_header()
#5 /home/megladon/shop.megladonmfg.com/demo/wp-includes/template-loader.php(77): include('/home/megladon/...')
#6 /home/megladon/shop.megladonmfg.com/demo/wp-blog-header.php(19): require_once('/home/megladon/...')
#7 /home/megladon/shop.megladonmfg.com/demo/index.php(17): require('/home/megladon/...')
#8 {main}
   in /home/megladon/shop.megladonmfg.com/demo/wp-content/plugins/sea-spider-tyrex/templates/header.php on line 20

2019-07-08T09:49:57+00:00 CRITICAL Uncaught Error: Call to undefined function get_field() in /home/megladon/shop.megladonmfg.com/demo/wp-content/plugins/sea-spider-tyrex/templates/header.php:20
Stack trace:
#0 /home/megladon/shop.megladonmfg.com/demo/wp-content/themes/customcable/header.php(1): include()
#1 /home/megladon/shop.megladonmfg.com/demo/wp-includes/template.php(704): require_once('/home/megladon/...')
#2 /home/megladon/shop.megladonmfg.com/demo/wp-includes/template.php(653): load_template('/home/megladon/...', true)
#3 /home/megladon/shop.megladonmfg.com/demo/wp-includes/general-template.php(41): locate_template(Array, true)
#4 /home/megladon/shop.megladonmfg.com/demo/wp-content/themes/customcable/page.php(1): get_header()
#5 /home/megladon/shop.megladonmfg.com/demo/wp-includes/template-loader.php(77): include('/home/megladon/...')
#6 /home/megladon/shop.megladonmfg.com/demo/wp-blog-header.php(19): require_once('/home/megladon/...')
#7 /home/megladon/shop.megladonmfg.com/demo/index.php(17): require('/home/megladon/...')
#8 {main}
   in /home/megladon/shop.megladonmfg.com/demo/wp-content/plugins/sea-spider-tyrex/templates/header.php on line 20

2019-07-08T09:50:31+00:00 CRITICAL Uncaught Error: Call to undefined function get_field() in /home/megladon/shop.megladonmfg.com/demo/wp-content/plugins/sea-spider-tyrex/templates/header.php:20
Stack trace:
#0 /home/megladon/shop.megladonmfg.com/demo/wp-content/themes/customcable/header.php(1): include()
#1 /home/megladon/shop.megladonmfg.com/demo/wp-includes/template.php(704): require_once('/home/megladon/...')
#2 /home/megladon/shop.megladonmfg.com/demo/wp-includes/template.php(653): load_template('/home/megladon/...', true)
#3 /home/megladon/shop.megladonmfg.com/demo/wp-includes/general-template.php(41): locate_template(Array, true)
#4 /home/megladon/shop.megladonmfg.com/demo/wp-content/themes/customcable/page.php(1): get_header()
#5 /home/megladon/shop.megladonmfg.com/demo/wp-includes/template-loader.php(77): include('/home/megladon/...')
#6 /home/megladon/shop.megladonmfg.com/demo/wp-blog-header.php(19): require_once('/home/megladon/...')
#7 /home/megladon/shop.megladonmfg.com/demo/index.php(17): require('/home/megladon/...')
#8 {main}
   in /home/megladon/shop.megladonmfg.com/demo/wp-content/plugins/sea-spider-tyrex/templates/header.php on line 20

2019-07-08T09:50:49+00:00 CRITICAL Uncaught Error: Call to undefined function get_field() in /home/megladon/shop.megladonmfg.com/demo/wp-content/plugins/sea-spider-tyrex/cpt/team.php:2
Stack trace:
#0 /home/megladon/shop.megladonmfg.com/demo/wp-content/plugins/sea-spider-tyrex/sea-spider-tyrex.php(66): require_once()
#1 /home/megladon/shop.megladonmfg.com/demo/wp-admin/includes/plugin.php(629): include_once('/home/megladon/...')
#2 /home/megladon/shop.megladonmfg.com/demo/wp-admin/plugins.php(44): activate_plugin('sea-spider-tyre...', 'https://shop.me...', false)
#3 {main}
  thrown in /home/megladon/shop.megladonmfg.com/demo/wp-content/plugins/sea-spider-tyrex/cpt/team.php on line 2

2019-07-08T09:50:54+00:00 CRITICAL Uncaught Error: Call to undefined function get_field() in /home/megladon/shop.megladonmfg.com/demo/wp-content/plugins/sea-spider-tyrex/cpt/team.php:2
Stack trace:
#0 /home/megladon/shop.megladonmfg.com/demo/wp-content/plugins/sea-spider-tyrex/sea-spider-tyrex.php(66): require_once()
#1 /home/megladon/shop.megladonmfg.com/demo/wp-admin/includes/plugin.php(2050): include('/home/megladon/...')
#2 /home/megladon/shop.megladonmfg.com/demo/wp-admin/plugins.php(175): plugin_sandbox_scrape('sea-spider-tyre...')
#3 {main}
  thrown in /home/megladon/shop.megladonmfg.com/demo/wp-content/plugins/sea-spider-tyrex/cpt/team.php on line 2

2019-07-08T09:50:55+00:00 CRITICAL Uncaught Error: Call to undefined function get_field() in /home/megladon/shop.megladonmfg.com/demo/wp-content/plugins/sea-spider-tyrex/cpt/team.php:2
Stack trace:
#0 /home/megladon/shop.megladonmfg.com/demo/wp-content/plugins/sea-spider-tyrex/sea-spider-tyrex.php(66): require_once()
#1 /home/megladon/shop.megladonmfg.com/demo/wp-admin/includes/plugin.php(2050): include('/home/megladon/...')
#2 /home/megladon/shop.megladonmfg.com/demo/wp-admin/plugins.php(175): plugin_sandbox_scrape('sea-spider-tyre...')
#3 {main}
  thrown in /home/megladon/shop.megladonmfg.com/demo/wp-content/plugins/sea-spider-tyrex/cpt/team.php on line 2

2019-07-08T09:52:07+00:00 CRITICAL Uncaught Error: Call to undefined function get_field() in /home/megladon/shop.megladonmfg.com/demo/wp-content/plugins/sea-spider-tyrex/templates/header.php:20
Stack trace:
#0 /home/megladon/shop.megladonmfg.com/demo/wp-content/themes/customcable/header.php(1): include()
#1 /home/megladon/shop.megladonmfg.com/demo/wp-includes/template.php(704): require_once('/home/megladon/...')
#2 /home/megladon/shop.megladonmfg.com/demo/wp-includes/template.php(653): load_template('/home/megladon/...', true)
#3 /home/megladon/shop.megladonmfg.com/demo/wp-includes/general-template.php(41): locate_template(Array, true)
#4 /home/megladon/shop.megladonmfg.com/demo/wp-content/themes/customcable/page.php(1): get_header()
#5 /home/megladon/shop.megladonmfg.com/demo/wp-includes/template-loader.php(77): include('/home/megladon/...')
#6 /home/megladon/shop.megladonmfg.com/demo/wp-blog-header.php(19): require_once('/home/megladon/...')
#7 /home/megladon/shop.megladonmfg.com/demo/index.php(17): require('/home/megladon/...')
#8 {main}
   in /home/megladon/shop.megladonmfg.com/demo/wp-content/plugins/sea-spider-tyrex/templates/header.php on line 20

2019-07-08T09:52:54+00:00 CRITICAL Uncaught Error: Call to undefined function get_field() in /home/megladon/shop.megladonmfg.com/demo/wp-content/plugins/sea-spider-tyrex/templates/header.php:20
Stack trace:
#0 /home/megladon/shop.megladonmfg.com/demo/wp-content/themes/customcable/header.php(1): include()
#1 /home/megladon/shop.megladonmfg.com/demo/wp-includes/template.php(704): require_once('/home/megladon/...')
#2 /home/megladon/shop.megladonmfg.com/demo/wp-includes/template.php(653): load_template('/home/megladon/...', true)
#3 /home/megladon/shop.megladonmfg.com/demo/wp-includes/general-template.php(41): locate_template(Array, true)
#4 /home/megladon/shop.megladonmfg.com/demo/wp-content/themes/customcable/page.php(1): get_header()
#5 /home/megladon/shop.megladonmfg.com/demo/wp-includes/template-loader.php(77): include('/home/megladon/...')
#6 /home/megladon/shop.megladonmfg.com/demo/wp-blog-header.php(19): require_once('/home/megladon/...')
#7 /home/megladon/shop.megladonmfg.com/demo/index.php(17): require('/home/megladon/...')
#8 {main}
   in /home/megladon/shop.megladonmfg.com/demo/wp-content/plugins/sea-spider-tyrex/templates/header.php on line 20

2019-07-08T09:53:25+00:00 CRITICAL Uncaught Error: Call to undefined function get_field() in /home/megladon/shop.megladonmfg.com/demo/wp-content/plugins/sea-spider-tyrex/cpt/team.php:2
Stack trace:
#0 /home/megladon/shop.megladonmfg.com/demo/wp-content/plugins/sea-spider-tyrex/sea-spider-tyrex.php(66): require_once()
#1 /home/megladon/shop.megladonmfg.com/demo/wp-admin/includes/plugin.php(629): include_once('/home/megladon/...')
#2 /home/megladon/shop.megladonmfg.com/demo/wp-admin/plugins.php(44): activate_plugin('sea-spider-tyre...', 'https://shop.me...', false)
#3 {main}
  thrown in /home/megladon/shop.megladonmfg.com/demo/wp-content/plugins/sea-spider-tyrex/cpt/team.php on line 2

2019-07-08T09:53:29+00:00 CRITICAL Uncaught Error: Call to undefined function get_field() in /home/megladon/shop.megladonmfg.com/demo/wp-content/plugins/sea-spider-tyrex/cpt/team.php:2
Stack trace:
#0 /home/megladon/shop.megladonmfg.com/demo/wp-content/plugins/sea-spider-tyrex/sea-spider-tyrex.php(66): require_once()
#1 /home/megladon/shop.megladonmfg.com/demo/wp-admin/includes/plugin.php(2050): include('/home/megladon/...')
#2 /home/megladon/shop.megladonmfg.com/demo/wp-admin/plugins.php(175): plugin_sandbox_scrape('sea-spider-tyre...')
#3 {main}
  thrown in /home/megladon/shop.megladonmfg.com/demo/wp-content/plugins/sea-spider-tyrex/cpt/team.php on line 2

2019-07-08T09:53:30+00:00 CRITICAL Uncaught Error: Call to undefined function get_field() in /home/megladon/shop.megladonmfg.com/demo/wp-content/plugins/sea-spider-tyrex/cpt/team.php:2
Stack trace:
#0 /home/megladon/shop.megladonmfg.com/demo/wp-content/plugins/sea-spider-tyrex/sea-spider-tyrex.php(66): require_once()
#1 /home/megladon/shop.megladonmfg.com/demo/wp-admin/includes/plugin.php(2050): include('/home/megladon/...')
#2 /home/megladon/shop.megladonmfg.com/demo/wp-admin/plugins.php(175): plugin_sandbox_scrape('sea-spider-tyre...')
#3 {main}
  thrown in /home/megladon/shop.megladonmfg.com/demo/wp-content/plugins/sea-spider-tyrex/cpt/team.php on line 2

2019-07-08T09:54:33+00:00 CRITICAL Uncaught Error: Call to undefined function get_field() in /home/megladon/shop.megladonmfg.com/demo/wp-content/plugins/sea-spider-tyrex/cpt/team.php:2
Stack trace:
#0 /home/megladon/shop.megladonmfg.com/demo/wp-content/plugins/sea-spider-tyrex/sea-spider-tyrex.php(66): require_once()
#1 /home/megladon/shop.megladonmfg.com/demo/wp-admin/includes/plugin.php(629): include_once('/home/megladon/...')
#2 /home/megladon/shop.megladonmfg.com/demo/wp-admin/plugins.php(44): activate_plugin('sea-spider-tyre...', 'https://shop.me...', false)
#3 {main}
  thrown in /home/megladon/shop.megladonmfg.com/demo/wp-content/plugins/sea-spider-tyrex/cpt/team.php on line 2

2019-07-08T09:54:37+00:00 CRITICAL Uncaught Error: Call to undefined function get_field() in /home/megladon/shop.megladonmfg.com/demo/wp-content/plugins/sea-spider-tyrex/cpt/team.php:2
Stack trace:
#0 /home/megladon/shop.megladonmfg.com/demo/wp-content/plugins/sea-spider-tyrex/sea-spider-tyrex.php(66): require_once()
#1 /home/megladon/shop.megladonmfg.com/demo/wp-admin/includes/plugin.php(2050): include('/home/megladon/...')
#2 /home/megladon/shop.megladonmfg.com/demo/wp-admin/plugins.php(175): plugin_sandbox_scrape('sea-spider-tyre...')
#3 {main}
  thrown in /home/megladon/shop.megladonmfg.com/demo/wp-content/plugins/sea-spider-tyrex/cpt/team.php on line 2

2019-07-08T09:54:38+00:00 CRITICAL Uncaught Error: Call to undefined function get_field() in /home/megladon/shop.megladonmfg.com/demo/wp-content/plugins/sea-spider-tyrex/cpt/team.php:2
Stack trace:
#0 /home/megladon/shop.megladonmfg.com/demo/wp-content/plugins/sea-spider-tyrex/sea-spider-tyrex.php(66): require_once()
#1 /home/megladon/shop.megladonmfg.com/demo/wp-admin/includes/plugin.php(2050): include('/home/megladon/...')
#2 /home/megladon/shop.megladonmfg.com/demo/wp-admin/plugins.php(175): plugin_sandbox_scrape('sea-spider-tyre...')
#3 {main}
  thrown in /home/megladon/shop.megladonmfg.com/demo/wp-content/plugins/sea-spider-tyrex/cpt/team.php on line 2

