2019-07-20T11:31:24+00:00 CRITICAL Allowed memory size of 268435456 bytes exhausted (tried to allocate 39893248 bytes) in /home/megladon/shop.megladonmfg.com/demo/wp-includes/wp-db.php on line 2007

2019-07-20T11:46:40+00:00 CRITICAL Uncaught RuntimeException: Error saving action: Unable to save action. in /home/megladon/shop.megladonmfg.com/demo/wp-content/plugins/woocommerce/includes/libraries/action-scheduler/classes/ActionScheduler_wpPostStore.php:33
Stack trace:
#0 /home/megladon/shop.megladonmfg.com/demo/wp-content/plugins/woocommerce/includes/libraries/action-scheduler/classes/ActionScheduler_ActionFactory.php(109): ActionScheduler_wpPostStore->save_action(Object(ActionScheduler_Action))
#1 /home/megladon/shop.megladonmfg.com/demo/wp-content/plugins/woocommerce/includes/libraries/action-scheduler/classes/ActionScheduler_ActionFactory.php(78): ActionScheduler_ActionFactory->store(Object(ActionScheduler_Action))
#2 /home/megladon/shop.megladonmfg.com/demo/wp-content/plugins/woocommerce/includes/libraries/action-scheduler/functions.php(33): ActionScheduler_ActionFactory->recurring('wc_admin_unsnoo...', Array, 1563623199, 3600, 'wc-admin-notes')
#3 /home/megladon/shop.megladonmfg.com/demo/wp-content/plugins/woocommerce/includes/queue/c in /home/megladon/shop.megladonmfg.com/demo/wp-content/plugins/woocommerce/includes/libraries/action-scheduler/classes/ActionScheduler_wpPostStore.php on line 33

2019-07-20T11:47:53+00:00 CRITICAL Uncaught RuntimeException: Error saving action: Unable to save action. in /home/megladon/shop.megladonmfg.com/demo/wp-content/plugins/woocommerce/includes/libraries/action-scheduler/classes/ActionScheduler_wpPostStore.php:33
Stack trace:
#0 /home/megladon/shop.megladonmfg.com/demo/wp-content/plugins/woocommerce/includes/libraries/action-scheduler/classes/ActionScheduler_ActionFactory.php(109): ActionScheduler_wpPostStore->save_action(Object(ActionScheduler_Action))
#1 /home/megladon/shop.megladonmfg.com/demo/wp-content/plugins/woocommerce/includes/libraries/action-scheduler/classes/ActionScheduler_ActionFactory.php(78): ActionScheduler_ActionFactory->store(Object(ActionScheduler_Action))
#2 /home/megladon/shop.megladonmfg.com/demo/wp-content/plugins/woocommerce/includes/libraries/action-scheduler/functions.php(33): ActionScheduler_ActionFactory->recurring('wc_admin_unsnoo...', Array, 1563623273, 3600, 'wc-admin-notes')
#3 /home/megladon/shop.megladonmfg.com/demo/wp-content/plugins/woocommerce/includes/queue/c in /home/megladon/shop.megladonmfg.com/demo/wp-content/plugins/woocommerce/includes/libraries/action-scheduler/classes/ActionScheduler_wpPostStore.php on line 33

2019-07-20T12:12:44+00:00 CRITICAL Uncaught RuntimeException: Error saving action: Unable to save action. in /home/megladon/shop.megladonmfg.com/demo/wp-content/plugins/woocommerce/includes/libraries/action-scheduler/classes/ActionScheduler_wpPostStore.php:33
Stack trace:
#0 /home/megladon/shop.megladonmfg.com/demo/wp-content/plugins/woocommerce/includes/libraries/action-scheduler/classes/ActionScheduler_ActionFactory.php(109): ActionScheduler_wpPostStore->save_action(Object(ActionScheduler_Action))
#1 /home/megladon/shop.megladonmfg.com/demo/wp-content/plugins/woocommerce/includes/libraries/action-scheduler/classes/ActionScheduler_ActionFactory.php(78): ActionScheduler_ActionFactory->store(Object(ActionScheduler_Action))
#2 /home/megladon/shop.megladonmfg.com/demo/wp-content/plugins/woocommerce/includes/libraries/action-scheduler/functions.php(33): ActionScheduler_ActionFactory->recurring('wc_admin_unsnoo...', Array, 1563624763, 3600, 'wc-admin-notes')
#3 /home/megladon/shop.megladonmfg.com/demo/wp-content/plugins/woocommerce/includes/queue/c in /home/megladon/shop.megladonmfg.com/demo/wp-content/plugins/woocommerce/includes/libraries/action-scheduler/classes/ActionScheduler_wpPostStore.php on line 33

2019-07-20T12:20:42+00:00 CRITICAL Uncaught RuntimeException: Error saving action: Unable to save action. in /home/megladon/shop.megladonmfg.com/demo/wp-content/plugins/woocommerce/includes/libraries/action-scheduler/classes/ActionScheduler_wpPostStore.php:33
Stack trace:
#0 /home/megladon/shop.megladonmfg.com/demo/wp-content/plugins/woocommerce/includes/libraries/action-scheduler/classes/ActionScheduler_ActionFactory.php(109): ActionScheduler_wpPostStore->save_action(Object(ActionScheduler_Action))
#1 /home/megladon/shop.megladonmfg.com/demo/wp-content/plugins/woocommerce/includes/libraries/action-scheduler/classes/ActionScheduler_ActionFactory.php(78): ActionScheduler_ActionFactory->store(Object(ActionScheduler_Action))
#2 /home/megladon/shop.megladonmfg.com/demo/wp-content/plugins/woocommerce/includes/libraries/action-scheduler/functions.php(33): ActionScheduler_ActionFactory->recurring('wc_admin_unsnoo...', Array, 1563625242, 3600, 'wc-admin-notes')
#3 /home/megladon/shop.megladonmfg.com/demo/wp-content/plugins/woocommerce/includes/queue/c in /home/megladon/shop.megladonmfg.com/demo/wp-content/plugins/woocommerce/includes/libraries/action-scheduler/classes/ActionScheduler_wpPostStore.php on line 33

2019-07-20T21:14:01+00:00 CRITICAL Uncaught RuntimeException: Error saving action: Unable to save action. in /home/megladon/shop.megladonmfg.com/demo/wp-content/plugins/woocommerce/includes/libraries/action-scheduler/classes/ActionScheduler_wpPostStore.php:33
Stack trace:
#0 /home/megladon/shop.megladonmfg.com/demo/wp-content/plugins/woocommerce/includes/libraries/action-scheduler/classes/ActionScheduler_ActionFactory.php(109): ActionScheduler_wpPostStore->save_action(Object(ActionScheduler_Action))
#1 /home/megladon/shop.megladonmfg.com/demo/wp-content/plugins/woocommerce/includes/libraries/action-scheduler/classes/ActionScheduler_ActionFactory.php(78): ActionScheduler_ActionFactory->store(Object(ActionScheduler_Action))
#2 /home/megladon/shop.megladonmfg.com/demo/wp-content/plugins/woocommerce/includes/libraries/action-scheduler/functions.php(33): ActionScheduler_ActionFactory->recurring('wc_admin_unsnoo...', Array, 1563657241, 3600, 'wc-admin-notes')
#3 /home/megladon/shop.megladonmfg.com/demo/wp-content/plugins/woocommerce/includes/queue/c in /home/megladon/shop.megladonmfg.com/demo/wp-content/plugins/woocommerce/includes/libraries/action-scheduler/classes/ActionScheduler_wpPostStore.php on line 33

